<?xml version="1.0" encoding="UTF-8"?>
<testng-results skipped="0" failed="0" ignored="0" total="1" passed="1">
  <reporter-output>
  </reporter-output>
  <suite name="Default suite" duration-ms="8091" started-at="2017-09-17T14:39:14Z" finished-at="2017-09-17T14:39:22Z">
    <groups>
    </groups>
    <test name="Default test" duration-ms="8091" started-at="2017-09-17T14:39:14Z" finished-at="2017-09-17T14:39:22Z">
      <class name="pack2.NewTest">
        <test-method status="PASS" signature="beforeTest()[pri:0, instance:pack2.NewTest@5abca1e0]" name="beforeTest" is-config="true" duration-ms="2778" started-at="2017-09-17T20:09:14Z" finished-at="2017-09-17T20:09:17Z">
          <reporter-output>
          </reporter-output>
        </test-method> <!-- beforeTest -->
        <test-method status="PASS" signature="testEasy()[pri:0, instance:pack2.NewTest@5abca1e0]" name="testEasy" duration-ms="4428" started-at="2017-09-17T20:09:17Z" finished-at="2017-09-17T20:09:21Z">
          <reporter-output>
          </reporter-output>
        </test-method> <!-- testEasy -->
        <test-method status="PASS" signature="afterTest()[pri:0, instance:pack2.NewTest@5abca1e0]" name="afterTest" is-config="true" duration-ms="866" started-at="2017-09-17T20:09:21Z" finished-at="2017-09-17T20:09:22Z">
          <reporter-output>
          </reporter-output>
        </test-method> <!-- afterTest -->
      </class> <!-- pack2.NewTest -->
    </test> <!-- Default test -->
  </suite> <!-- Default suite -->
</testng-results>
